2022-09-07 19:43:27.075 INFO  com.xion.wiki.WikiApiApplication                  :55   [32m                  [0;39m Starting WikiApiApplication using Java 11.0.14.1 on DESKTOP-G1DPRFD with PID 12188 (D:\vue_springboot wiki\wiki_api\target\classes started by xiye in D:\vue_springboot wiki\wiki_api)
2022-09-07 19:43:27.084 INFO  com.xion.wiki.WikiApiApplication                  :634  [32m                  [0;39m No active profile set, falling back to 1 default profile: "default"
2022-09-07 19:43:27.209 INFO  o.s.b.d.env.DevToolsPropertyDefaultsPostProcessor :255  [32m                  [0;39m Devtools property defaults active! Set 'spring.devtools.add-properties' to 'false' to disable
2022-09-07 19:43:27.209 INFO  o.s.b.d.env.DevToolsPropertyDefaultsPostProcessor :255  [32m                  [0;39m For additional web related logging consider setting the 'logging.level.web' property to 'DEBUG'
2022-09-07 19:43:30.908 INFO  o.s.boot.web.embedded.tomcat.TomcatWebServer      :108  [32m                  [0;39m Tomcat initialized with port(s): 7065 (http)
2022-09-07 19:43:30.925 INFO  org.apache.coyote.http11.Http11NioProtocol        :173  [32m                  [0;39m Initializing ProtocolHandler ["http-nio-7065"]
2022-09-07 19:43:30.925 INFO  org.apache.catalina.core.StandardService          :173  [32m                  [0;39m Starting service [Tomcat]
2022-09-07 19:43:30.925 INFO  org.apache.catalina.core.StandardEngine           :173  [32m                  [0;39m Starting Servlet engine: [Apache Tomcat/9.0.65]
2022-09-07 19:43:31.008 INFO  o.a.c.core.ContainerBase.[Tomcat].[localhost].[/] :173  [32m                  [0;39m Initializing Spring embedded WebApplicationContext
2022-09-07 19:43:31.008 INFO  o.s.b.w.s.c.ServletWebServerApplicationContext    :292  [32m                  [0;39m Root WebApplicationContext: initialization completed in 3799 ms
2022-09-07 19:43:32.254 INFO  o.s.b.d.autoconfigure.OptionalLiveReloadServer    :59   [32m                  [0;39m LiveReload server is running on port 35729
2022-09-07 19:43:32.284 INFO  org.apache.coyote.http11.Http11NioProtocol        :173  [32m                  [0;39m Starting ProtocolHandler ["http-nio-7065"]
2022-09-07 19:43:32.304 INFO  o.s.boot.web.embedded.tomcat.TomcatWebServer      :220  [32m                  [0;39m Tomcat started on port(s): 7065 (http) with context path ''
2022-09-07 19:43:32.319 INFO  com.xion.wiki.WikiApiApplication                  :61   [32m                  [0;39m Started WikiApiApplication in 6.978 seconds (JVM running for 8.478)
2022-09-07 19:43:32.319 INFO  com.xion.wiki.WikiApiApplication                  :19   [32m                  [0;39m 启动成功！
2022-09-07 19:43:32.319 INFO  com.xion.wiki.WikiApiApplication                  :20   [32m                  [0;39m 地址: 	http://127.0.0.1:7065
2022-09-07 19:54:42.983 INFO  o.s.b.d.a.LocalDevToolsAutoConfiguration$RestartingClassPathChangeChangedEventListener:213  [32m                  [0;39m Restarting due to 29 class path changes (0 additions, 28 deletions, 1 modification)
2022-09-07 19:54:43.050 INFO  org.apache.coyote.http11.Http11NioProtocol        :173  [32m                  [0;39m Pausing ProtocolHandler ["http-nio-7065"]
2022-09-07 19:54:43.050 INFO  org.apache.catalina.core.StandardService          :173  [32m                  [0;39m Stopping service [Tomcat]
2022-09-07 19:54:43.060 INFO  org.apache.coyote.http11.Http11NioProtocol        :173  [32m                  [0;39m Stopping ProtocolHandler ["http-nio-7065"]
2022-09-07 19:54:43.060 INFO  org.apache.coyote.http11.Http11NioProtocol        :173  [32m                  [0;39m Destroying ProtocolHandler ["http-nio-7065"]
2022-09-07 19:54:43.150 INFO  com.xion.wiki.WikiApiApplication                  :55   [32m                  [0;39m Starting WikiApiApplication using Java 11.0.14.1 on DESKTOP-G1DPRFD with PID 12188 (D:\vue_springboot wiki\wiki_api\target\classes started by xiye in D:\vue_springboot wiki\wiki_api)
2022-09-07 19:54:43.150 INFO  com.xion.wiki.WikiApiApplication                  :634  [32m                  [0;39m No active profile set, falling back to 1 default profile: "default"
2022-09-07 19:54:43.430 WARN  org.mybatis.spring.mapper.ClassPathMapperScanner  :44   [32m                  [0;39m No MyBatis mapper was found in '[com.xion.wiki]' package. Please check your configuration.
2022-09-07 19:54:43.510 INFO  o.s.boot.web.embedded.tomcat.TomcatWebServer      :108  [32m                  [0;39m Tomcat initialized with port(s): 7065 (http)
2022-09-07 19:54:43.510 INFO  org.apache.coyote.http11.Http11NioProtocol        :173  [32m                  [0;39m Initializing ProtocolHandler ["http-nio-7065"]
2022-09-07 19:54:43.510 INFO  org.apache.catalina.core.StandardService          :173  [32m                  [0;39m Starting service [Tomcat]
2022-09-07 19:54:43.510 INFO  org.apache.catalina.core.StandardEngine           :173  [32m                  [0;39m Starting Servlet engine: [Apache Tomcat/9.0.65]
2022-09-07 19:54:43.530 INFO  o.a.c.core.ContainerBase.[Tomcat].[localhost].[/] :173  [32m                  [0;39m Initializing Spring embedded WebApplicationContext
2022-09-07 19:54:43.530 INFO  o.s.b.w.s.c.ServletWebServerApplicationContext    :292  [32m                  [0;39m Root WebApplicationContext: initialization completed in 380 ms
2022-09-07 19:54:43.645 WARN  o.s.b.w.s.c.AnnotationConfigServletWebServerApplicationContext:591  [32m                  [0;39m Exception encountered during context initialization - cancelling refresh attempt: org.springframework.beans.factory.BeanCreationException: Error creating bean with name 'sqlSessionFactory' defined in class path resource [org/mybatis/spring/boot/autoconfigure/MybatisAutoConfiguration.class]: Bean instantiation via factory method failed; nested exception is org.springframework.beans.BeanInstantiationException: Failed to instantiate [org.apache.ibatis.session.SqlSessionFactory]: Factory method 'sqlSessionFactory' threw exception; nested exception is org.springframework.core.NestedIOException: Failed to parse mapping resource: 'file [D:\vue_springboot wiki\wiki_api\target\classes\mapper\EbookMapper.xml]'; nested exception is org.apache.ibatis.builder.BuilderException: Error parsing Mapper XML. The XML location is 'file [D:\vue_springboot wiki\wiki_api\target\classes\mapper\EbookMapper.xml]'. Cause: org.apache.ibatis.builder.BuilderException: Error resolving class. Cause: org.apache.ibatis.type.TypeException: Could not resolve type alias 'com.xion.wiki.domain.Ebook'.  Cause: java.lang.ClassNotFoundException: Cannot find class: com.xion.wiki.domain.Ebook
2022-09-07 19:54:43.645 INFO  org.apache.catalina.core.StandardService          :173  [32m                  [0;39m Stopping service [Tomcat]
2022-09-07 19:54:43.650 INFO  o.s.b.a.l.ConditionEvaluationReportLoggingListener:136  [32m                  [0;39m 

Error starting ApplicationContext. To display the conditions report re-run your application with 'debug' enabled.
2022-09-07 19:54:43.685 ERROR org.springframework.boot.SpringApplication        :824  [32m                  [0;39m Application run failed
org.springframework.beans.factory.BeanCreationException: Error creating bean with name 'sqlSessionFactory' defined in class path resource [org/mybatis/spring/boot/autoconfigure/MybatisAutoConfiguration.class]: Bean instantiation via factory method failed; nested exception is org.springframework.beans.BeanInstantiationException: Failed to instantiate [org.apache.ibatis.session.SqlSessionFactory]: Factory method 'sqlSessionFactory' threw exception; nested exception is org.springframework.core.NestedIOException: Failed to parse mapping resource: 'file [D:\vue_springboot wiki\wiki_api\target\classes\mapper\EbookMapper.xml]'; nested exception is org.apache.ibatis.builder.BuilderException: Error parsing Mapper XML. The XML location is 'file [D:\vue_springboot wiki\wiki_api\target\classes\mapper\EbookMapper.xml]'. Cause: org.apache.ibatis.builder.BuilderException: Error resolving class. Cause: org.apache.ibatis.type.TypeException: Could not resolve type alias 'com.xion.wiki.domain.Ebook'.  Cause: java.lang.ClassNotFoundException: Cannot find class: com.xion.wiki.domain.Ebook
	at org.springframework.beans.factory.support.ConstructorResolver.instantiate(ConstructorResolver.java:658)
	at org.springframework.beans.factory.support.ConstructorResolver.instantiateUsingFactoryMethod(ConstructorResolver.java:638)
	at org.springframework.beans.factory.support.AbstractAutowireCapableBeanFactory.instantiateUsingFactoryMethod(AbstractAutowireCapableBeanFactory.java:1352)
	at org.springframework.beans.factory.support.AbstractAutowireCapableBeanFactory.createBeanInstance(AbstractAutowireCapableBeanFactory.java:1195)
	at org.springframework.beans.factory.support.AbstractAutowireCapableBeanFactory.doCreateBean(AbstractAutowireCapableBeanFactory.java:582)
	at org.springframework.beans.factory.support.AbstractAutowireCapableBeanFactory.createBean(AbstractAutowireCapableBeanFactory.java:542)
	at org.springframework.beans.factory.support.AbstractBeanFactory.lambda$doGetBean$0(AbstractBeanFactory.java:335)
	at org.springframework.beans.factory.support.DefaultSingletonBeanRegistry.getSingleton(DefaultSingletonBeanRegistry.java:234)
	at org.springframework.beans.factory.support.AbstractBeanFactory.doGetBean(AbstractBeanFactory.java:333)
	at org.springframework.beans.factory.support.AbstractBeanFactory.getBean(AbstractBeanFactory.java:208)
	at org.springframework.beans.factory.support.DefaultListableBeanFactory.preInstantiateSingletons(DefaultListableBeanFactory.java:955)
	at org.springframework.context.support.AbstractApplicationContext.finishBeanFactoryInitialization(AbstractApplicationContext.java:918)
	at org.springframework.context.support.AbstractApplicationContext.refresh(AbstractApplicationContext.java:583)
	at org.springframework.boot.web.servlet.context.ServletWebServerApplicationContext.refresh(ServletWebServerApplicationContext.java:147)
	at org.springframework.boot.SpringApplication.refresh(SpringApplication.java:734)
	at org.springframework.boot.SpringApplication.refreshContext(SpringApplication.java:408)
	at org.springframework.boot.SpringApplication.run(SpringApplication.java:308)
	at com.xion.wiki.WikiApiApplication.main(WikiApiApplication.java:18)
	at java.base/jdk.internal.reflect.NativeMethodAccessorImpl.invoke0(Native Method)
	at java.base/jdk.internal.reflect.NativeMethodAccessorImpl.invoke(NativeMethodAccessorImpl.java:62)
	at java.base/jdk.internal.reflect.DelegatingMethodAccessorImpl.invoke(DelegatingMethodAccessorImpl.java:43)
	at java.base/java.lang.reflect.Method.invoke(Method.java:566)
	at org.springframework.boot.devtools.restart.RestartLauncher.run(RestartLauncher.java:49)
Caused by: org.springframework.beans.BeanInstantiationException: Failed to instantiate [org.apache.ibatis.session.SqlSessionFactory]: Factory method 'sqlSessionFactory' threw exception; nested exception is org.springframework.core.NestedIOException: Failed to parse mapping resource: 'file [D:\vue_springboot wiki\wiki_api\target\classes\mapper\EbookMapper.xml]'; nested exception is org.apache.ibatis.builder.BuilderException: Error parsing Mapper XML. The XML location is 'file [D:\vue_springboot wiki\wiki_api\target\classes\mapper\EbookMapper.xml]'. Cause: org.apache.ibatis.builder.BuilderException: Error resolving class. Cause: org.apache.ibatis.type.TypeException: Could not resolve type alias 'com.xion.wiki.domain.Ebook'.  Cause: java.lang.ClassNotFoundException: Cannot find class: com.xion.wiki.domain.Ebook
	at org.springframework.beans.factory.support.SimpleInstantiationStrategy.instantiate(SimpleInstantiationStrategy.java:185)
	at org.springframework.beans.factory.support.ConstructorResolver.instantiate(ConstructorResolver.java:653)
	... 22 common frames omitted
Caused by: org.springframework.core.NestedIOException: Failed to parse mapping resource: 'file [D:\vue_springboot wiki\wiki_api\target\classes\mapper\EbookMapper.xml]'; nested exception is org.apache.ibatis.builder.BuilderException: Error parsing Mapper XML. The XML location is 'file [D:\vue_springboot wiki\wiki_api\target\classes\mapper\EbookMapper.xml]'. Cause: org.apache.ibatis.builder.BuilderException: Error resolving class. Cause: org.apache.ibatis.type.TypeException: Could not resolve type alias 'com.xion.wiki.domain.Ebook'.  Cause: java.lang.ClassNotFoundException: Cannot find class: com.xion.wiki.domain.Ebook
	at org.mybatis.spring.SqlSessionFactoryBean.buildSqlSessionFactory(SqlSessionFactoryBean.java:612)
	at org.mybatis.spring.SqlSessionFactoryBean.afterPropertiesSet(SqlSessionFactoryBean.java:490)
	at org.mybatis.spring.SqlSessionFactoryBean.getObject(SqlSessionFactoryBean.java:632)
	at org.mybatis.spring.boot.autoconfigure.MybatisAutoConfiguration.sqlSessionFactory(MybatisAutoConfiguration.java:180)
	at org.mybatis.spring.boot.autoconfigure.MybatisAutoConfiguration$$EnhancerBySpringCGLIB$$ca7390df.CGLIB$sqlSessionFactory$1(<generated>)
	at org.mybatis.spring.boot.autoconfigure.MybatisAutoConfiguration$$EnhancerBySpringCGLIB$$ca7390df$$FastClassBySpringCGLIB$$66ffe6c1.invoke(<generated>)
	at org.springframework.cglib.proxy.MethodProxy.invokeSuper(MethodProxy.java:244)
	at org.springframework.context.annotation.ConfigurationClassEnhancer$BeanMethodInterceptor.intercept(ConfigurationClassEnhancer.java:331)
	at org.mybatis.spring.boot.autoconfigure.MybatisAutoConfiguration$$EnhancerBySpringCGLIB$$ca7390df.sqlSessionFactory(<generated>)
	at java.base/jdk.internal.reflect.NativeMethodAccessorImpl.invoke0(Native Method)
	at java.base/jdk.internal.reflect.NativeMethodAccessorImpl.invoke(NativeMethodAccessorImpl.java:62)
	at java.base/jdk.internal.reflect.DelegatingMethodAccessorImpl.invoke(DelegatingMethodAccessorImpl.java:43)
	at java.base/java.lang.reflect.Method.invoke(Method.java:566)
	at org.springframework.beans.factory.support.SimpleInstantiationStrategy.instantiate(SimpleInstantiationStrategy.java:154)
	... 23 common frames omitted
Caused by: org.apache.ibatis.builder.BuilderException: Error parsing Mapper XML. The XML location is 'file [D:\vue_springboot wiki\wiki_api\target\classes\mapper\EbookMapper.xml]'. Cause: org.apache.ibatis.builder.BuilderException: Error resolving class. Cause: org.apache.ibatis.type.TypeException: Could not resolve type alias 'com.xion.wiki.domain.Ebook'.  Cause: java.lang.ClassNotFoundException: Cannot find class: com.xion.wiki.domain.Ebook
	at org.apache.ibatis.builder.xml.XMLMapperBuilder.configurationElement(XMLMapperBuilder.java:123)
	at org.apache.ibatis.builder.xml.XMLMapperBuilder.parse(XMLMapperBuilder.java:95)
	at org.mybatis.spring.SqlSessionFactoryBean.buildSqlSessionFactory(SqlSessionFactoryBean.java:610)
	... 36 common frames omitted
Caused by: org.apache.ibatis.builder.BuilderException: Error resolving class. Cause: org.apache.ibatis.type.TypeException: Could not resolve type alias 'com.xion.wiki.domain.Ebook'.  Cause: java.lang.ClassNotFoundException: Cannot find class: com.xion.wiki.domain.Ebook
	at org.apache.ibatis.builder.BaseBuilder.resolveClass(BaseBuilder.java:118)
	at org.apache.ibatis.builder.xml.XMLMapperBuilder.resultMapElement(XMLMapperBuilder.java:263)
	at org.apache.ibatis.builder.xml.XMLMapperBuilder.resultMapElement(XMLMapperBuilder.java:254)
	at org.apache.ibatis.builder.xml.XMLMapperBuilder.resultMapElements(XMLMapperBuilder.java:246)
	at org.apache.ibatis.builder.xml.XMLMapperBuilder.configurationElement(XMLMapperBuilder.java:119)
	... 38 common frames omitted
Caused by: org.apache.ibatis.type.TypeException: Could not resolve type alias 'com.xion.wiki.domain.Ebook'.  Cause: java.lang.ClassNotFoundException: Cannot find class: com.xion.wiki.domain.Ebook
	at org.apache.ibatis.type.TypeAliasRegistry.resolveAlias(TypeAliasRegistry.java:120)
	at org.apache.ibatis.builder.BaseBuilder.resolveAlias(BaseBuilder.java:149)
	at org.apache.ibatis.builder.BaseBuilder.resolveClass(BaseBuilder.java:116)
	... 42 common frames omitted
Caused by: java.lang.ClassNotFoundException: Cannot find class: com.xion.wiki.domain.Ebook
	at org.apache.ibatis.io.ClassLoaderWrapper.classForName(ClassLoaderWrapper.java:200)
	at org.apache.ibatis.io.ClassLoaderWrapper.classForName(ClassLoaderWrapper.java:89)
	at org.apache.ibatis.io.Resources.classForName(Resources.java:261)
	at org.apache.ibatis.type.TypeAliasRegistry.resolveAlias(TypeAliasRegistry.java:116)
	... 44 common frames omitted
2022-09-07 19:54:46.295 INFO  com.xion.wiki.WikiApiApplication                  :55   [32m                  [0;39m Starting WikiApiApplication using Java 11.0.14.1 on DESKTOP-G1DPRFD with PID 12188 (D:\vue_springboot wiki\wiki_api\target\classes started by xiye in D:\vue_springboot wiki\wiki_api)
2022-09-07 19:54:46.295 INFO  com.xion.wiki.WikiApiApplication                  :634  [32m                  [0;39m No active profile set, falling back to 1 default profile: "default"
2022-09-07 19:54:46.663 INFO  o.s.boot.web.embedded.tomcat.TomcatWebServer      :108  [32m                  [0;39m Tomcat initialized with port(s): 7065 (http)
2022-09-07 19:54:46.663 INFO  org.apache.coyote.http11.Http11NioProtocol        :173  [32m                  [0;39m Initializing ProtocolHandler ["http-nio-7065"]
2022-09-07 19:54:46.663 INFO  org.apache.catalina.core.StandardService          :173  [32m                  [0;39m Starting service [Tomcat]
2022-09-07 19:54:46.663 INFO  org.apache.catalina.core.StandardEngine           :173  [32m                  [0;39m Starting Servlet engine: [Apache Tomcat/9.0.65]
2022-09-07 19:54:46.680 INFO  o.a.c.c.ContainerBase.[Tomcat-1].[localhost].[/]  :173  [32m                  [0;39m Initializing Spring embedded WebApplicationContext
2022-09-07 19:54:46.680 INFO  o.s.b.w.s.c.ServletWebServerApplicationContext    :292  [32m                  [0;39m Root WebApplicationContext: initialization completed in 385 ms
2022-09-07 19:54:47.060 INFO  o.s.b.d.autoconfigure.OptionalLiveReloadServer    :59   [32m                  [0;39m LiveReload server is running on port 35729
2022-09-07 19:54:47.073 INFO  org.apache.coyote.http11.Http11NioProtocol        :173  [32m                  [0;39m Starting ProtocolHandler ["http-nio-7065"]
2022-09-07 19:54:47.073 INFO  o.s.boot.web.embedded.tomcat.TomcatWebServer      :220  [32m                  [0;39m Tomcat started on port(s): 7065 (http) with context path ''
2022-09-07 19:54:47.073 INFO  com.xion.wiki.WikiApiApplication                  :61   [32m                  [0;39m Started WikiApiApplication in 0.855 seconds (JVM running for 683.238)
2022-09-07 19:54:47.080 INFO  o.s.b.d.a.ConditionEvaluationDeltaLoggingListener :63   [32m                  [0;39m Condition evaluation unchanged
2022-09-07 19:54:47.080 INFO  com.xion.wiki.WikiApiApplication                  :19   [32m                  [0;39m 启动成功！
2022-09-07 19:54:47.080 INFO  com.xion.wiki.WikiApiApplication                  :20   [32m                  [0;39m 地址: 	http://127.0.0.1:7065
2022-09-07 19:55:48.262 INFO  o.a.c.c.ContainerBase.[Tomcat-1].[localhost].[/]  :173  [32m                  [0;39m Initializing Spring DispatcherServlet 'dispatcherServlet'
2022-09-07 19:55:48.262 INFO  org.springframework.web.servlet.DispatcherServlet :525  [32m                  [0;39m Initializing Servlet 'dispatcherServlet'
2022-09-07 19:55:48.263 INFO  org.springframework.web.servlet.DispatcherServlet :547  [32m                  [0;39m Completed initialization in 1 ms
2022-09-07 19:55:48.295 INFO  com.xion.wiki.config.aspect.LogAspect             :43   [32m                  [0;39m =========开始========
2022-09-07 19:55:48.296 INFO  com.xion.wiki.config.aspect.LogAspect             :44   [32m                  [0;39m 请求地址: http://127.0.0.1:7065/ebook/list, GET
2022-09-07 19:55:48.296 INFO  com.xion.wiki.config.aspect.LogAspect             :45   [32m                  [0;39m 类名方法: com.xion.wiki.controller.EbookController, list
2022-09-07 19:55:48.296 INFO  com.xion.wiki.config.aspect.LogAspect             :46   [32m                  [0;39m 远程地址: 127.0.0.1
2022-09-07 19:55:48.340 INFO  com.xion.wiki.config.aspect.LogAspect             :64   [32m                  [0;39m 请求参数: [{"name":"","page":1,"size":132342}]
2022-09-07 19:55:48.409 INFO  com.zaxxer.hikari.HikariDataSource                :110  [32m                  [0;39m HikariPool-1 - Starting...
2022-09-07 19:55:48.626 INFO  com.zaxxer.hikari.HikariDataSource                :123  [32m                  [0;39m HikariPool-1 - Start completed.
2022-09-07 19:55:48.632 DEBUG c.x.wiki.mapper.EbookMapper.selectByExample_COUNT :137  [32m                  [0;39m ==>  Preparing: SELECT count(0) FROM ebook
2022-09-07 19:55:48.648 DEBUG c.x.wiki.mapper.EbookMapper.selectByExample_COUNT :137  [32m                  [0;39m ==> Parameters: 
2022-09-07 19:55:48.674 TRACE c.x.wiki.mapper.EbookMapper.selectByExample_COUNT :143  [32m                  [0;39m <==    Columns: count(0)
2022-09-07 19:55:48.674 TRACE c.x.wiki.mapper.EbookMapper.selectByExample_COUNT :143  [32m                  [0;39m <==        Row: 2
2022-09-07 19:55:48.675 DEBUG c.x.wiki.mapper.EbookMapper.selectByExample_COUNT :137  [32m                  [0;39m <==      Total: 1
2022-09-07 19:55:48.680 DEBUG com.xion.wiki.mapper.EbookMapper.selectByExample  :137  [32m                  [0;39m ==>  Preparing: select 'true' as QUERYID, id, name, category1_id, category2_id, description, cover, doc_count, view_count, vote_count from ebook LIMIT ?
2022-09-07 19:55:48.681 DEBUG com.xion.wiki.mapper.EbookMapper.selectByExample  :137  [32m                  [0;39m ==> Parameters: 132342(Integer)
2022-09-07 19:55:48.682 TRACE com.xion.wiki.mapper.EbookMapper.selectByExample  :143  [32m                  [0;39m <==    Columns: QUERYID, id, name, category1_id, category2_id, description, cover, doc_count, view_count, vote_count
2022-09-07 19:55:48.682 TRACE com.xion.wiki.mapper.EbookMapper.selectByExample  :143  [32m                  [0;39m <==        Row: true, 1, Springboot入门教程, null, null, 0基础入门Java开发,企业级应用首选开发框架, null, null, null, null
2022-09-07 19:55:48.683 TRACE com.xion.wiki.mapper.EbookMapper.selectByExample  :143  [32m                  [0;39m <==        Row: true, 2, Vue入门教程, null, null, 0基础入门Vue开发,企业级应用首选开发框架, null, null, null, null
2022-09-07 19:55:48.683 DEBUG com.xion.wiki.mapper.EbookMapper.selectByExample  :137  [32m                  [0;39m <==      Total: 2
2022-09-07 19:55:48.685 INFO  com.xion.wiki.service.EbookService                :47   [32m                  [0;39m 总行数：2
2022-09-07 19:55:48.696 INFO  com.xion.wiki.config.aspect.LogAspect             :76   [32m                  [0;39m 返回结果: {"code":2000,"data":{"list":{"list":[{"description":"0基础入门Java开发,企业级应用首选开发框架","id":1,"name":"Springboot入门教程"},{"description":"0基础入门Vue开发,企业级应用首选开发框架","id":2,"name":"Vue入门教程"}],"total":2}},"message":"成功","success":true}
2022-09-07 19:55:48.696 INFO  com.xion.wiki.config.aspect.LogAspect             :77   [32m                  [0;39m ==========结束 耗时: 402 ms==========
2022-09-07 19:57:07.636 INFO  com.xion.wiki.config.aspect.LogAspect             :43   [32m                  [0;39m =========开始========
2022-09-07 19:57:07.636 INFO  com.xion.wiki.config.aspect.LogAspect             :44   [32m                  [0;39m 请求地址: http://127.0.0.1:7065/ebook/list, GET
2022-09-07 19:57:07.636 INFO  com.xion.wiki.config.aspect.LogAspect             :45   [32m                  [0;39m 类名方法: com.xion.wiki.controller.EbookController, list
2022-09-07 19:57:07.636 INFO  com.xion.wiki.config.aspect.LogAspect             :46   [32m                  [0;39m 远程地址: 127.0.0.1
2022-09-07 19:57:07.636 INFO  com.xion.wiki.config.aspect.LogAspect             :64   [32m                  [0;39m 请求参数: [{"name":"","page":1,"size":13234}]
2022-09-07 19:57:07.639 DEBUG c.x.wiki.mapper.EbookMapper.selectByExample_COUNT :137  [32m                  [0;39m ==>  Preparing: SELECT count(0) FROM ebook
2022-09-07 19:57:07.639 DEBUG c.x.wiki.mapper.EbookMapper.selectByExample_COUNT :137  [32m                  [0;39m ==> Parameters: 
2022-09-07 19:57:07.642 TRACE c.x.wiki.mapper.EbookMapper.selectByExample_COUNT :143  [32m                  [0;39m <==    Columns: count(0)
2022-09-07 19:57:07.642 TRACE c.x.wiki.mapper.EbookMapper.selectByExample_COUNT :143  [32m                  [0;39m <==        Row: 2
2022-09-07 19:57:07.643 DEBUG c.x.wiki.mapper.EbookMapper.selectByExample_COUNT :137  [32m                  [0;39m <==      Total: 1
2022-09-07 19:57:07.643 DEBUG com.xion.wiki.mapper.EbookMapper.selectByExample  :137  [32m                  [0;39m ==>  Preparing: select 'true' as QUERYID, id, name, category1_id, category2_id, description, cover, doc_count, view_count, vote_count from ebook LIMIT ?
2022-09-07 19:57:07.644 DEBUG com.xion.wiki.mapper.EbookMapper.selectByExample  :137  [32m                  [0;39m ==> Parameters: 13234(Integer)
2022-09-07 19:57:07.645 TRACE com.xion.wiki.mapper.EbookMapper.selectByExample  :143  [32m                  [0;39m <==    Columns: QUERYID, id, name, category1_id, category2_id, description, cover, doc_count, view_count, vote_count
2022-09-07 19:57:07.645 TRACE com.xion.wiki.mapper.EbookMapper.selectByExample  :143  [32m                  [0;39m <==        Row: true, 1, Springboot入门教程, null, null, 0基础入门Java开发,企业级应用首选开发框架, null, null, null, null
2022-09-07 19:57:07.646 TRACE com.xion.wiki.mapper.EbookMapper.selectByExample  :143  [32m                  [0;39m <==        Row: true, 2, Vue入门教程, null, null, 0基础入门Vue开发,企业级应用首选开发框架, null, null, null, null
2022-09-07 19:57:07.646 DEBUG com.xion.wiki.mapper.EbookMapper.selectByExample  :137  [32m                  [0;39m <==      Total: 2
2022-09-07 19:57:07.647 INFO  com.xion.wiki.service.EbookService                :47   [32m                  [0;39m 总行数：2
2022-09-07 19:57:07.648 INFO  com.xion.wiki.config.aspect.LogAspect             :76   [32m                  [0;39m 返回结果: {"code":2000,"data":{"list":{"list":[{"description":"0基础入门Java开发,企业级应用首选开发框架","id":1,"name":"Springboot入门教程"},{"description":"0基础入门Vue开发,企业级应用首选开发框架","id":2,"name":"Vue入门教程"}],"total":2}},"message":"成功","success":true}
2022-09-07 19:57:07.648 INFO  com.xion.wiki.config.aspect.LogAspect             :77   [32m                  [0;39m ==========结束 耗时: 12 ms==========
2022-09-07 19:57:17.914 INFO  com.zaxxer.hikari.HikariDataSource                :350  [32m                  [0;39m HikariPool-1 - Shutdown initiated...
2022-09-07 19:57:17.914 INFO  com.zaxxer.hikari.HikariDataSource                :352  [32m                  [0;39m HikariPool-1 - Shutdown completed.
2022-09-07 19:57:21.566 INFO  com.xion.wiki.WikiApiApplication                  :55   [32m                  [0;39m Starting WikiApiApplication using Java 11.0.14.1 on DESKTOP-G1DPRFD with PID 3200 (D:\vue_springboot wiki\wiki_api\target\classes started by xiye in D:\vue_springboot wiki\wiki_api)
2022-09-07 19:57:21.566 INFO  org.hibernate.validator.internal.util.Version     :21   [32m                  [0;39m HV000001: Hibernate Validator 6.2.4.Final
2022-09-07 19:57:21.566 INFO  com.xion.wiki.WikiApiApplication                  :634  [32m                  [0;39m No active profile set, falling back to 1 default profile: "default"
2022-09-07 19:57:21.616 INFO  o.s.b.d.env.DevToolsPropertyDefaultsPostProcessor :255  [32m                  [0;39m Devtools property defaults active! Set 'spring.devtools.add-properties' to 'false' to disable
2022-09-07 19:57:21.616 INFO  o.s.b.d.env.DevToolsPropertyDefaultsPostProcessor :255  [32m                  [0;39m For additional web related logging consider setting the 'logging.level.web' property to 'DEBUG'
2022-09-07 19:57:22.476 INFO  o.s.boot.web.embedded.tomcat.TomcatWebServer      :108  [32m                  [0;39m Tomcat initialized with port(s): 7065 (http)
2022-09-07 19:57:22.486 INFO  org.apache.coyote.http11.Http11NioProtocol        :173  [32m                  [0;39m Initializing ProtocolHandler ["http-nio-7065"]
2022-09-07 19:57:22.486 INFO  org.apache.catalina.core.StandardService          :173  [32m                  [0;39m Starting service [Tomcat]
2022-09-07 19:57:22.486 INFO  org.apache.catalina.core.StandardEngine           :173  [32m                  [0;39m Starting Servlet engine: [Apache Tomcat/9.0.65]
2022-09-07 19:57:22.526 INFO  o.a.c.core.ContainerBase.[Tomcat].[localhost].[/] :173  [32m                  [0;39m Initializing Spring embedded WebApplicationContext
2022-09-07 19:57:22.526 INFO  o.s.b.w.s.c.ServletWebServerApplicationContext    :292  [32m                  [0;39m Root WebApplicationContext: initialization completed in 910 ms
2022-09-07 19:57:23.197 INFO  o.s.b.d.autoconfigure.OptionalLiveReloadServer    :59   [32m                  [0;39m LiveReload server is running on port 35729
2022-09-07 19:57:23.217 INFO  org.apache.coyote.http11.Http11NioProtocol        :173  [32m                  [0;39m Starting ProtocolHandler ["http-nio-7065"]
2022-09-07 19:57:23.227 INFO  o.s.boot.web.embedded.tomcat.TomcatWebServer      :220  [32m                  [0;39m Tomcat started on port(s): 7065 (http) with context path ''
2022-09-07 19:57:23.237 INFO  com.xion.wiki.WikiApiApplication                  :61   [32m                  [0;39m Started WikiApiApplication in 2.099 seconds (JVM running for 2.8)
2022-09-07 19:57:23.237 INFO  com.xion.wiki.WikiApiApplication                  :19   [32m                  [0;39m 启动成功！
2022-09-07 19:57:23.237 INFO  com.xion.wiki.WikiApiApplication                  :20   [32m                  [0;39m 地址: 	http://127.0.0.1:7065
2022-09-07 19:57:46.061 INFO  o.a.c.core.ContainerBase.[Tomcat].[localhost].[/] :173  [32m                  [0;39m Initializing Spring DispatcherServlet 'dispatcherServlet'
2022-09-07 19:57:46.061 INFO  org.springframework.web.servlet.DispatcherServlet :525  [32m                  [0;39m Initializing Servlet 'dispatcherServlet'
2022-09-07 19:57:46.062 INFO  org.springframework.web.servlet.DispatcherServlet :547  [32m                  [0;39m Completed initialization in 1 ms
2022-09-07 19:57:46.138 WARN  c.x.wiki.config.handler.ControllerExceptionHandler:28   [32m                  [0;39m 参数校验失败：【最大查询】查询条数超过限制！
2022-09-07 19:57:46.180 WARN  o.s.w.s.m.m.a.ExceptionHandlerExceptionResolver   :208  [32m                  [0;39m Resolved [org.springframework.validation.BindException: org.springframework.validation.BeanPropertyBindingResult: 1 errors<EOL>Field error in object 'ebookQueryReq' on field 'size': rejected value [13234]; codes [Max.ebookQueryReq.size,Max.size,Max.int,Max]; arguments [org.springframework.context.support.DefaultMessageSourceResolvable: codes [ebookQueryReq.size,size]; arguments []; default message [size],1000]; default message [【最大查询】查询条数超过限制！]]
2022-09-07 20:01:05.262 INFO  o.s.b.d.a.LocalDevToolsAutoConfiguration$RestartingClassPathChangeChangedEventListener:213  [32m                  [0;39m Restarting due to 2 class path changes (0 additions, 2 deletions, 0 modifications)
2022-09-07 20:01:05.347 INFO  org.apache.coyote.http11.Http11NioProtocol        :173  [32m                  [0;39m Pausing ProtocolHandler ["http-nio-7065"]
2022-09-07 20:01:05.347 INFO  org.apache.catalina.core.StandardService          :173  [32m                  [0;39m Stopping service [Tomcat]
2022-09-07 20:01:05.347 INFO  o.a.c.core.ContainerBase.[Tomcat].[localhost].[/] :173  [32m                  [0;39m Destroying Spring FrameworkServlet 'dispatcherServlet'
2022-09-07 20:01:05.355 INFO  org.apache.coyote.http11.Http11NioProtocol        :173  [32m                  [0;39m Stopping ProtocolHandler ["http-nio-7065"]
2022-09-07 20:01:05.355 INFO  org.apache.coyote.http11.Http11NioProtocol        :173  [32m                  [0;39m Destroying ProtocolHandler ["http-nio-7065"]
2022-09-07 20:01:05.457 INFO  com.xion.wiki.WikiApiApplication                  :55   [32m                  [0;39m Starting WikiApiApplication using Java 11.0.14.1 on DESKTOP-G1DPRFD with PID 3200 (D:\vue_springboot wiki\wiki_api\target\classes started by xiye in D:\vue_springboot wiki\wiki_api)
2022-09-07 20:01:05.457 INFO  com.xion.wiki.WikiApiApplication                  :634  [32m                  [0;39m No active profile set, falling back to 1 default profile: "default"
2022-09-07 20:01:05.742 INFO  o.s.boot.web.embedded.tomcat.TomcatWebServer      :108  [32m                  [0;39m Tomcat initialized with port(s): 7065 (http)
2022-09-07 20:01:05.742 INFO  org.apache.coyote.http11.Http11NioProtocol        :173  [32m                  [0;39m Initializing ProtocolHandler ["http-nio-7065"]
2022-09-07 20:01:05.742 INFO  org.apache.catalina.core.StandardService          :173  [32m                  [0;39m Starting service [Tomcat]
2022-09-07 20:01:05.742 INFO  org.apache.catalina.core.StandardEngine           :173  [32m                  [0;39m Starting Servlet engine: [Apache Tomcat/9.0.65]
2022-09-07 20:01:05.765 INFO  o.a.c.core.ContainerBase.[Tomcat].[localhost].[/] :173  [32m                  [0;39m Initializing Spring embedded WebApplicationContext
2022-09-07 20:01:05.766 INFO  o.s.b.w.s.c.ServletWebServerApplicationContext    :292  [32m                  [0;39m Root WebApplicationContext: initialization completed in 303 ms
2022-09-07 20:01:06.115 INFO  o.s.b.d.autoconfigure.OptionalLiveReloadServer    :59   [32m                  [0;39m LiveReload server is running on port 35729
2022-09-07 20:01:06.122 INFO  org.apache.coyote.http11.Http11NioProtocol        :173  [32m                  [0;39m Starting ProtocolHandler ["http-nio-7065"]
2022-09-07 20:01:06.122 INFO  o.s.boot.web.embedded.tomcat.TomcatWebServer      :220  [32m                  [0;39m Tomcat started on port(s): 7065 (http) with context path ''
2022-09-07 20:01:06.132 INFO  com.xion.wiki.WikiApiApplication                  :61   [32m                  [0;39m Started WikiApiApplication in 0.719 seconds (JVM running for 225.695)
2022-09-07 20:01:06.132 INFO  o.s.b.d.a.ConditionEvaluationDeltaLoggingListener :63   [32m                  [0;39m Condition evaluation unchanged
2022-09-07 20:01:06.132 INFO  com.xion.wiki.WikiApiApplication                  :19   [32m                  [0;39m 启动成功！
2022-09-07 20:01:06.132 INFO  com.xion.wiki.WikiApiApplication                  :20   [32m                  [0;39m 地址: 	http://127.0.0.1:7065
2022-09-07 20:01:07.532 INFO  o.s.b.d.a.LocalDevToolsAutoConfiguration$RestartingClassPathChangeChangedEventListener:213  [32m                  [0;39m Restarting due to 2 class path changes (2 additions, 0 deletions, 0 modifications)
2022-09-07 20:01:07.605 INFO  org.apache.coyote.http11.Http11NioProtocol        :173  [32m                  [0;39m Pausing ProtocolHandler ["http-nio-7065"]
2022-09-07 20:01:07.605 INFO  org.apache.catalina.core.StandardService          :173  [32m                  [0;39m Stopping service [Tomcat]
2022-09-07 20:01:07.605 INFO  org.apache.coyote.http11.Http11NioProtocol        :173  [32m                  [0;39m Stopping ProtocolHandler ["http-nio-7065"]
2022-09-07 20:01:07.605 INFO  org.apache.coyote.http11.Http11NioProtocol        :173  [32m                  [0;39m Destroying ProtocolHandler ["http-nio-7065"]
2022-09-07 20:01:07.662 INFO  com.xion.wiki.WikiApiApplication                  :55   [32m                  [0;39m Starting WikiApiApplication using Java 11.0.14.1 on DESKTOP-G1DPRFD with PID 3200 (D:\vue_springboot wiki\wiki_api\target\classes started by xiye in D:\vue_springboot wiki\wiki_api)
2022-09-07 20:01:07.662 INFO  com.xion.wiki.WikiApiApplication                  :634  [32m                  [0;39m No active profile set, falling back to 1 default profile: "default"
2022-09-07 20:01:07.882 INFO  o.s.boot.web.embedded.tomcat.TomcatWebServer      :108  [32m                  [0;39m Tomcat initialized with port(s): 7065 (http)
2022-09-07 20:01:07.882 INFO  org.apache.coyote.http11.Http11NioProtocol        :173  [32m                  [0;39m Initializing ProtocolHandler ["http-nio-7065"]
2022-09-07 20:01:07.882 INFO  org.apache.catalina.core.StandardService          :173  [32m                  [0;39m Starting service [Tomcat]
2022-09-07 20:01:07.882 INFO  org.apache.catalina.core.StandardEngine           :173  [32m                  [0;39m Starting Servlet engine: [Apache Tomcat/9.0.65]
2022-09-07 20:01:07.892 INFO  o.a.c.core.ContainerBase.[Tomcat].[localhost].[/] :173  [32m                  [0;39m Initializing Spring embedded WebApplicationContext
2022-09-07 20:01:07.892 INFO  o.s.b.w.s.c.ServletWebServerApplicationContext    :292  [32m                  [0;39m Root WebApplicationContext: initialization completed in 230 ms
2022-09-07 20:01:08.152 INFO  o.s.b.d.autoconfigure.OptionalLiveReloadServer    :59   [32m                  [0;39m LiveReload server is running on port 35729
2022-09-07 20:01:08.155 INFO  org.apache.coyote.http11.Http11NioProtocol        :173  [32m                  [0;39m Starting ProtocolHandler ["http-nio-7065"]
2022-09-07 20:01:08.162 INFO  o.s.boot.web.embedded.tomcat.TomcatWebServer      :220  [32m                  [0;39m Tomcat started on port(s): 7065 (http) with context path ''
2022-09-07 20:01:08.162 INFO  com.xion.wiki.WikiApiApplication                  :61   [32m                  [0;39m Started WikiApiApplication in 0.524 seconds (JVM running for 227.727)
2022-09-07 20:01:08.162 INFO  o.s.b.d.a.ConditionEvaluationDeltaLoggingListener :63   [32m                  [0;39m Condition evaluation unchanged
2022-09-07 20:01:08.162 INFO  com.xion.wiki.WikiApiApplication                  :19   [32m                  [0;39m 启动成功！
2022-09-07 20:01:08.167 INFO  com.xion.wiki.WikiApiApplication                  :20   [32m                  [0;39m 地址: 	http://127.0.0.1:7065
2022-09-07 20:40:03.235 INFO  com.xion.wiki.WikiApiApplicationTests             :55   [32m                  [0;39m Starting WikiApiApplicationTests using Java 11.0.14.1 on DESKTOP-G1DPRFD with PID 14728 (started by xiye in D:\vue_springboot wiki\wiki_api)
2022-09-07 20:40:03.237 INFO  com.xion.wiki.WikiApiApplicationTests             :634  [32m                  [0;39m No active profile set, falling back to 1 default profile: "default"
2022-09-07 20:40:03.246 INFO  org.hibernate.validator.internal.util.Version     :21   [32m                  [0;39m HV000001: Hibernate Validator 6.2.4.Final
2022-09-07 20:40:05.856 INFO  com.xion.wiki.WikiApiApplicationTests             :61   [32m                  [0;39m Started WikiApiApplicationTests in 3.069 seconds (JVM running for 3.961)
2022-09-07 20:40:06.262 INFO  o.s.b.t.context.SpringBootTestContextBootstrapper :305  [32m                  [0;39m Neither @ContextConfiguration nor @ContextHierarchy found for test class [com.xion.wiki.DateTimeUtilTests], using SpringBootContextLoader
2022-09-07 20:40:06.276 INFO  o.s.test.context.support.AbstractContextLoader    :264  [32m                  [0;39m Could not detect default resource locations for test class [com.xion.wiki.DateTimeUtilTests]: no resource found for suffixes {-context.xml, Context.groovy}.
2022-09-07 20:40:06.277 INFO  o.s.t.c.support.AnnotationConfigContextLoaderUtils:83   [32m                  [0;39m Could not detect default configuration classes for test class [com.xion.wiki.DateTimeUtilTests]: DateTimeUtilTests does not declare any static, non-private, non-final, nested classes annotated with @Configuration.
2022-09-07 20:40:06.279 INFO  o.s.b.t.context.SpringBootTestContextBootstrapper :238  [32m                  [0;39m Found @SpringBootConfiguration com.xion.wiki.WikiApiApplication for test class com.xion.wiki.DateTimeUtilTests
2022-09-07 20:40:06.282 INFO  o.s.b.t.context.SpringBootTestContextBootstrapper :245  [32m                  [0;39m Loaded default TestExecutionListener class names from location [META-INF/spring.factories]: [org.springframework.boot.test.mock.mockito.MockitoTestExecutionListener, org.springframework.boot.test.mock.mockito.ResetMocksTestExecutionListener, org.springframework.boot.test.autoconfigure.restdocs.RestDocsTestExecutionListener, org.springframework.boot.test.autoconfigure.web.client.MockRestServiceServerResetTestExecutionListener, org.springframework.boot.test.autoconfigure.web.servlet.MockMvcPrintOnlyOnFailureTestExecutionListener, org.springframework.boot.test.autoconfigure.web.servlet.WebDriverTestExecutionListener, org.springframework.boot.test.autoconfigure.webservices.client.MockWebServiceServerTestExecutionListener, org.springframework.test.context.web.ServletTestExecutionListener, org.springframework.test.context.support.DirtiesContextBeforeModesTestExecutionListener, org.springframework.test.context.event.ApplicationEventsTestExecutionListener, org.springframework.test.context.support.DependencyInjectionTestExecutionListener, org.springframework.test.context.support.DirtiesContextTestExecutionListener, org.springframework.test.context.transaction.TransactionalTestExecutionListener, org.springframework.test.context.jdbc.SqlScriptsTestExecutionListener, org.springframework.test.context.event.EventPublishingTestExecutionListener]
2022-09-07 20:40:06.282 INFO  o.s.b.t.context.SpringBootTestContextBootstrapper :174  [32m                  [0;39m Using TestExecutionListeners: [org.springframework.test.context.web.ServletTestExecutionListener@2336cd91, org.springframework.test.context.support.DirtiesContextBeforeModesTestExecutionListener@4a944af9, org.springframework.test.context.event.ApplicationEventsTestExecutionListener@3593e074, org.springframework.boot.test.mock.mockito.MockitoTestExecutionListener@79d14037, org.springframework.boot.test.autoconfigure.SpringBootDependencyInjectionTestExecutionListener@6c1e40d9, org.springframework.test.context.support.DirtiesContextTestExecutionListener@4b50c21, org.springframework.test.context.transaction.TransactionalTestExecutionListener@2e0fdc83, org.springframework.test.context.jdbc.SqlScriptsTestExecutionListener@5dacf18d, org.springframework.test.context.event.EventPublishingTestExecutionListener@432a6a69, org.springframework.boot.test.mock.mockito.ResetMocksTestExecutionListener@6f52a229, org.springframework.boot.test.autoconfigure.restdocs.RestDocsTestExecutionListener@3fe98084, org.springframework.boot.test.autoconfigure.web.client.MockRestServiceServerResetTestExecutionListener@5f33e6d, org.springframework.boot.test.autoconfigure.web.servlet.MockMvcPrintOnlyOnFailureTestExecutionListener@151a6598, org.springframework.boot.test.autoconfigure.web.servlet.WebDriverTestExecutionListener@6fa3def8, org.springframework.boot.test.autoconfigure.webservices.client.MockWebServiceServerTestExecutionListener@1c3d9e28]
2022-09-07 21:45:42.976 INFO  com.xion.wiki.WikiApiApplication                  :55   [32m                  [0;39m Starting WikiApiApplication using Java 11.0.14.1 on DESKTOP-G1DPRFD with PID 12960 (D:\vue_springboot wiki\wiki_api\target\classes started by xiye in D:\vue_springboot wiki\wiki_api)
2022-09-07 21:45:42.977 INFO  com.xion.wiki.WikiApiApplication                  :634  [32m                  [0;39m No active profile set, falling back to 1 default profile: "default"
2022-09-07 21:45:43.257 INFO  o.s.boot.web.embedded.tomcat.TomcatWebServer      :108  [32m                  [0;39m Tomcat initialized with port(s): 7065 (http)
2022-09-07 21:45:43.258 INFO  org.apache.catalina.core.StandardService          :173  [32m                  [0;39m Starting service [Tomcat]
2022-09-07 21:45:43.258 INFO  org.apache.catalina.core.StandardEngine           :173  [32m                  [0;39m Starting Servlet engine: [Apache Tomcat/9.0.65]
2022-09-07 21:45:43.272 INFO  o.a.c.core.ContainerBase.[Tomcat].[localhost].[/] :173  [32m                  [0;39m Initializing Spring embedded WebApplicationContext
2022-09-07 21:45:43.272 INFO  o.s.b.w.s.c.ServletWebServerApplicationContext    :292  [32m                  [0;39m Root WebApplicationContext: initialization completed in 293 ms
2022-09-07 21:45:43.689 INFO  o.s.b.d.autoconfigure.OptionalLiveReloadServer    :59   [32m                  [0;39m LiveReload server is running on port 35729
2022-09-07 21:45:43.701 INFO  o.s.boot.web.embedded.tomcat.TomcatWebServer      :220  [32m                  [0;39m Tomcat started on port(s): 7065 (http) with context path ''
2022-09-07 21:45:43.704 INFO  com.xion.wiki.WikiApiApplication                  :61   [32m                  [0;39m Started WikiApiApplication in 0.916 seconds (JVM running for 1464.079)
2022-09-07 21:45:43.705 INFO  o.s.b.d.a.ConditionEvaluationDeltaLoggingListener :63   [32m                  [0;39m Condition evaluation unchanged
2022-09-07 21:45:43.705 INFO  com.xion.wiki.WikiApiApplication                  :19   [32m                  [0;39m 启动成功！
2022-09-07 21:45:43.705 INFO  com.xion.wiki.WikiApiApplication                  :20   [32m                  [0;39m 地址: 	http://127.0.0.1:7065
2022-09-07 21:45:45.104 INFO  o.s.b.d.a.LocalDevToolsAutoConfiguration$RestartingClassPathChangeChangedEventListener:213  [32m                  [0;39m Restarting due to 3 class path changes (3 additions, 0 deletions, 0 modifications)
2022-09-07 21:45:45.176 INFO  org.apache.catalina.core.StandardService          :173  [32m                  [0;39m Stopping service [Tomcat]
2022-09-07 21:45:45.240 INFO  com.xion.wiki.WikiApiApplication                  :55   [32m                  [0;39m Starting WikiApiApplication using Java 11.0.14.1 on DESKTOP-G1DPRFD with PID 12960 (D:\vue_springboot wiki\wiki_api\target\classes started by xiye in D:\vue_springboot wiki\wiki_api)
2022-09-07 21:45:45.240 INFO  com.xion.wiki.WikiApiApplication                  :634  [32m                  [0;39m No active profile set, falling back to 1 default profile: "default"
2022-09-07 21:45:45.433 INFO  o.s.boot.web.embedded.tomcat.TomcatWebServer      :108  [32m                  [0;39m Tomcat initialized with port(s): 7065 (http)
2022-09-07 21:45:45.433 INFO  org.apache.catalina.core.StandardService          :173  [32m                  [0;39m Starting service [Tomcat]
2022-09-07 21:45:45.433 INFO  org.apache.catalina.core.StandardEngine           :173  [32m                  [0;39m Starting Servlet engine: [Apache Tomcat/9.0.65]
2022-09-07 21:45:45.444 INFO  o.a.c.core.ContainerBase.[Tomcat].[localhost].[/] :173  [32m                  [0;39m Initializing Spring embedded WebApplicationContext
2022-09-07 21:45:45.444 INFO  o.s.b.w.s.c.ServletWebServerApplicationContext    :292  [32m                  [0;39m Root WebApplicationContext: initialization completed in 202 ms
2022-09-07 21:45:45.756 INFO  o.s.b.d.autoconfigure.OptionalLiveReloadServer    :59   [32m                  [0;39m LiveReload server is running on port 35729
2022-09-07 21:45:45.766 INFO  o.s.boot.web.embedded.tomcat.TomcatWebServer      :220  [32m                  [0;39m Tomcat started on port(s): 7065 (http) with context path ''
2022-09-07 21:45:45.769 INFO  com.xion.wiki.WikiApiApplication                  :61   [32m                  [0;39m Started WikiApiApplication in 0.555 seconds (JVM running for 1466.144)
2022-09-07 21:45:45.770 INFO  o.s.b.d.a.ConditionEvaluationDeltaLoggingListener :63   [32m                  [0;39m Condition evaluation unchanged
2022-09-07 21:45:45.770 INFO  com.xion.wiki.WikiApiApplication                  :19   [32m                  [0;39m 启动成功！
2022-09-07 21:45:45.770 INFO  com.xion.wiki.WikiApiApplication                  :20   [32m                  [0;39m 地址: 	http://127.0.0.1:7065
2022-09-07 21:45:49.454 INFO  o.a.c.core.ContainerBase.[Tomcat].[localhost].[/] :173  [32m                  [0;39m Initializing Spring DispatcherServlet 'dispatcherServlet'
2022-09-07 21:45:49.455 INFO  org.springframework.web.servlet.DispatcherServlet :525  [32m                  [0;39m Initializing Servlet 'dispatcherServlet'
2022-09-07 21:45:49.455 INFO  org.springframework.web.servlet.DispatcherServlet :547  [32m                  [0;39m Completed initialization in 0 ms
2022-09-07 21:45:49.457 INFO  com.xion.wiki.config.aspect.LogAspect             :43   [32m                  [0;39m =========开始========
2022-09-07 21:45:49.457 INFO  com.xion.wiki.config.aspect.LogAspect             :44   [32m                  [0;39m 请求地址: http://127.0.0.1:7065/category/all, GET
2022-09-07 21:45:49.457 INFO  com.xion.wiki.config.aspect.LogAspect             :45   [32m                  [0;39m 类名方法: com.xion.wiki.controller.CategoryController, all
2022-09-07 21:45:49.457 INFO  com.xion.wiki.config.aspect.LogAspect             :46   [32m                  [0;39m 远程地址: 127.0.0.1
2022-09-07 21:45:49.458 INFO  com.xion.wiki.config.aspect.LogAspect             :64   [32m                  [0;39m 请求参数: []
2022-09-07 21:45:49.484 INFO  com.zaxxer.hikari.HikariDataSource                :110  [32m                  [0;39m HikariPool-1 - Starting...
2022-09-07 21:45:49.669 INFO  com.zaxxer.hikari.HikariDataSource                :123  [32m                  [0;39m HikariPool-1 - Start completed.
2022-09-07 21:45:49.675 DEBUG c.xion.wiki.mapper.CategoryMapper.selectByExample :137  [32m                  [0;39m ==>  Preparing: select id, parent, `name`, sort from category order by sort asc
2022-09-07 21:45:49.693 DEBUG c.xion.wiki.mapper.CategoryMapper.selectByExample :137  [32m                  [0;39m ==> Parameters: 
2022-09-07 21:45:49.705 TRACE c.xion.wiki.mapper.CategoryMapper.selectByExample :143  [32m                  [0;39m <==    Columns: id, parent, name, sort
2022-09-07 21:45:49.705 TRACE c.xion.wiki.mapper.CategoryMapper.selectByExample :143  [32m                  [0;39m <==        Row: 100, 0, Love Letter Framwrok 文档, 100
2022-09-07 21:45:49.706 TRACE c.xion.wiki.mapper.CategoryMapper.selectByExample :143  [32m                  [0;39m <==        Row: 101, 100, 开始文档, 101
2022-09-07 21:45:49.707 TRACE c.xion.wiki.mapper.CategoryMapper.selectByExample :143  [32m                  [0;39m <==        Row: 102, 100, 设计文档, 102
2022-09-07 21:45:49.707 TRACE c.xion.wiki.mapper.CategoryMapper.selectByExample :143  [32m                  [0;39m <==        Row: 200, 0, ToolBox 文档合集, 200
2022-09-07 21:45:49.707 TRACE c.xion.wiki.mapper.CategoryMapper.selectByExample :143  [32m                  [0;39m <==        Row: 201, 200, ToolBox wiki Api 接口, 201
2022-09-07 21:45:49.708 TRACE c.xion.wiki.mapper.CategoryMapper.selectByExample :143  [32m                  [0;39m <==        Row: 202, 200, ToolBox wiki 设计文档, 202
2022-09-07 21:45:49.708 TRACE c.xion.wiki.mapper.CategoryMapper.selectByExample :143  [32m                  [0;39m <==        Row: 300, 0, LoLe UI 文档合集, 300
2022-09-07 21:45:49.709 TRACE c.xion.wiki.mapper.CategoryMapper.selectByExample :143  [32m                  [0;39m <==        Row: 301, 300, Love Letter UI 设计思路, 301
2022-09-07 21:45:49.709 DEBUG c.xion.wiki.mapper.CategoryMapper.selectByExample :137  [32m                  [0;39m <==      Total: 8
2022-09-07 21:45:49.733 INFO  com.xion.wiki.config.aspect.LogAspect             :76   [32m                  [0;39m 返回结果: {"code":2000,"data":{"list":[{"id":100,"name":"Love Letter Framwrok 文档","parent":0,"sort":100},{"id":101,"name":"开始文档","parent":100,"sort":101},{"id":102,"name":"设计文档","parent":100,"sort":102},{"id":200,"name":"ToolBox 文档合集","parent":0,"sort":200},{"id":201,"name":"ToolBox wiki Api 接口","parent":200,"sort":201},{"id":202,"name":"ToolBox wiki 设计文档","parent":200,"sort":202},{"id":300,"name":"LoLe UI 文档合集","parent":0,"sort":300},{"id":301,"name":"Love Letter UI 设计思路","parent":300,"sort":301}]},"message":"成功","success":true}
2022-09-07 21:45:49.733 INFO  com.xion.wiki.config.aspect.LogAspect             :77   [32m                  [0;39m ==========结束 耗时: 277 ms==========
